2021-03-09 01:16:37.790  WARN 13928 --- [background-preinit] o.s.h.c.j.Jackson2ObjectMapperBuilder    : For Jackson Kotlin classes support please add "com.fasterxml.jackson.module:jackson-module-kotlin" to the classpath
2021-03-09 01:16:37.803  INFO 13928 --- [main] lavalink.server.Launcher                 : 

[32m       .  [31m _                  _ _       _    [32m__ _ _
[32m      /\\ [31m| | __ ___   ____ _| (_)_ __ | | __[32m\ \ \ \
[32m     ( ( )[31m| |/ _` \ \ / / _` | | | '_ \| |/ /[32m \ \ \ \
[32m      \\/ [31m| | (_| |\ V / (_| | | | | | |   < [32m  ) ) ) )
[32m       '  [31m|_|\__,_| \_/ \__,_|_|_|_| |_|_|\_\[32m / / / /
[0m    =========================================[32m/_/_/_/[0m

	Version:        3.3.2.3
	Build:          1176
	Build time:     28.12.2020 18:59:16 UTC
	Branch          master
	Commit:         68d398a
	Commit time:    28.12.2020 18:56:23 UTC
	JVM:            15.0.1
	Lavaplayer      1.3.65

2021-03-09 01:16:38.018  INFO 13928 --- [main] lavalink.server.Launcher                 : Starting Launcher on Mimi with PID 13928 (D:\Github\kurusaki_voice\server\Lavalink.jar started by Kowaii Neko in D:\Github\kurusaki_voice\server)
2021-03-09 01:16:38.019  INFO 13928 --- [main] lavalink.server.Launcher                 : No active profile set, falling back to default profiles: default
2021-03-09 01:16:41.212  WARN 13928 --- [main] io.undertow.websockets.jsr               : UT026010: Buffer pool was not set on WebSocketDeploymentInfo, the default pool will be used
2021-03-09 01:16:41.249  INFO 13928 --- [main] io.undertow.servlet                      : Initializing Spring embedded WebApplicationContext
2021-03-09 01:16:41.250  INFO 13928 --- [main] o.s.web.context.ContextLoader            : Root WebApplicationContext: initialization completed in 3109 ms
2021-03-09 01:16:42.168  WARN 13928 --- [main] l.server.config.SentryConfiguration      : Turning off sentry
2021-03-09 01:16:44.630  INFO 13928 --- [main] c.s.d.l.tools.GarbageCollectionMonitor   : GC monitoring enabled, reporting results every 2 minutes.
2021-03-09 01:16:45.513  INFO 13928 --- [main] lavalink.server.config.KoeConfiguration  : OS: Windows 10, Arch: amd64
2021-03-09 01:16:45.514  WARN 13928 --- [main] lavalink.server.config.KoeConfiguration  : This system and architecture appears to not support native audio sending! GC pauses may cause your bot to stutter during playback.
2021-03-09 01:16:46.078  INFO 13928 --- [main] o.s.s.concurrent.ThreadPoolTaskExecutor  : Initializing ExecutorService 'applicationTaskExecutor'
2021-03-09 01:16:47.183  INFO 13928 --- [main] org.xnio                                 : XNIO version 3.3.8.Final
2021-03-09 01:16:47.290  INFO 13928 --- [main] org.xnio.nio                             : XNIO NIO Implementation Version 3.3.8.Final
2021-03-09 01:16:47.437  INFO 13928 --- [main] o.s.b.w.e.u.UndertowServletWebServer     : Undertow started on port(s) 2333 (http) with context path ''
2021-03-09 01:16:47.523  INFO 13928 --- [main] lavalink.server.Launcher                 : Started Launcher in 12.551 seconds (JVM running for 15.146)
2021-03-09 01:16:47.529  INFO 13928 --- [main] lavalink.server.Launcher                 : You can safely ignore the big red warning about illegal reflection. See https://github.com/Frederikam/Lavalink/issues/295
2021-03-09 01:17:14.971  INFO 13884 --- [main] lavalink.server.Launcher                 : 

[32m       .  [31m _                  _ _       _    [32m__ _ _
[32m      /\\ [31m| | __ ___   ____ _| (_)_ __ | | __[32m\ \ \ \
[32m     ( ( )[31m| |/ _` \ \ / / _` | | | '_ \| |/ /[32m \ \ \ \
[32m      \\/ [31m| | (_| |\ V / (_| | | | | | |   < [32m  ) ) ) )
[32m       '  [31m|_|\__,_| \_/ \__,_|_|_|_| |_|_|\_\[32m / / / /
[0m    =========================================[32m/_/_/_/[0m

	Version:        3.3.2.3
	Build:          1176
	Build time:     28.12.2020 18:59:16 UTC
	Branch          master
	Commit:         68d398a
	Commit time:    28.12.2020 18:56:23 UTC
	JVM:            15.0.1
	Lavaplayer      1.3.65

2021-03-09 01:17:15.094  INFO 13884 --- [main] lavalink.server.Launcher                 : Starting Launcher on Mimi with PID 13884 (D:\Github\kurusaki_voice\server\Lavalink.jar started by Kowaii Neko in D:\Github\kurusaki_voice\server)
2021-03-09 01:17:15.096  INFO 13884 --- [main] lavalink.server.Launcher                 : No active profile set, falling back to default profiles: default
2021-03-09 01:17:15.235  WARN 13884 --- [background-preinit] o.s.h.c.j.Jackson2ObjectMapperBuilder    : For Jackson Kotlin classes support please add "com.fasterxml.jackson.module:jackson-module-kotlin" to the classpath
2021-03-09 01:17:17.021  WARN 13884 --- [main] io.undertow.websockets.jsr               : UT026010: Buffer pool was not set on WebSocketDeploymentInfo, the default pool will be used
2021-03-09 01:17:17.062  INFO 13884 --- [main] io.undertow.servlet                      : Initializing Spring embedded WebApplicationContext
2021-03-09 01:17:17.063  INFO 13884 --- [main] o.s.web.context.ContextLoader            : Root WebApplicationContext: initialization completed in 1907 ms
2021-03-09 01:17:17.542  WARN 13884 --- [main] l.server.config.SentryConfiguration      : Turning off sentry
2021-03-09 01:17:18.257  INFO 13884 --- [main] c.s.d.l.tools.GarbageCollectionMonitor   : GC monitoring enabled, reporting results every 2 minutes.
2021-03-09 01:17:18.554  INFO 13884 --- [main] lavalink.server.config.KoeConfiguration  : OS: Windows 10, Arch: amd64
2021-03-09 01:17:18.555  WARN 13884 --- [main] lavalink.server.config.KoeConfiguration  : This system and architecture appears to not support native audio sending! GC pauses may cause your bot to stutter during playback.
2021-03-09 01:17:18.951  INFO 13884 --- [main] o.s.s.concurrent.ThreadPoolTaskExecutor  : Initializing ExecutorService 'applicationTaskExecutor'
2021-03-09 01:17:19.332  INFO 13884 --- [main] org.xnio                                 : XNIO version 3.3.8.Final
2021-03-09 01:17:19.357  INFO 13884 --- [main] org.xnio.nio                             : XNIO NIO Implementation Version 3.3.8.Final
2021-03-09 01:17:19.520  INFO 13884 --- [main] ConditionEvaluationReportLoggingListener : 

Error starting ApplicationContext. To display the conditions report re-run your application with 'debug' enabled.
2021-03-09 01:17:19.530 ERROR 13884 --- [main] lavalink.server.Launcher                 : Application failed

org.springframework.boot.web.server.PortInUseException: Port 2333 is already in use
	at org.springframework.boot.web.embedded.undertow.UndertowServletWebServer.start(UndertowServletWebServer.java:154) ~[spring-boot-2.1.8.RELEASE.jar!/:2.1.8.RELEASE]
	at org.springframework.boot.web.servlet.context.ServletWebServerApplicationContext.startWebServer(ServletWebServerApplicationContext.java:297) ~[spring-boot-2.1.8.RELEASE.jar!/:2.1.8.RELEASE]
	at org.springframework.boot.web.servlet.context.ServletWebServerApplicationContext.finishRefresh(ServletWebServerApplicationContext.java:163) ~[spring-boot-2.1.8.RELEASE.jar!/:2.1.8.RELEASE]
	at org.springframework.context.support.AbstractApplicationContext.refresh(AbstractApplicationContext.java:552) ~[spring-context-5.1.9.RELEASE.jar!/:5.1.9.RELEASE]
	at org.springframework.boot.web.servlet.context.ServletWebServerApplicationContext.refresh(ServletWebServerApplicationContext.java:141) ~[spring-boot-2.1.8.RELEASE.jar!/:2.1.8.RELEASE]
	at org.springframework.boot.SpringApplication.refresh(SpringApplication.java:744) ~[spring-boot-2.1.8.RELEASE.jar!/:2.1.8.RELEASE]
	at org.springframework.boot.SpringApplication.refreshContext(SpringApplication.java:391) ~[spring-boot-2.1.8.RELEASE.jar!/:2.1.8.RELEASE]
	at org.springframework.boot.SpringApplication.run(SpringApplication.java:312) ~[spring-boot-2.1.8.RELEASE.jar!/:2.1.8.RELEASE]
	at lavalink.server.Launcher.main(Launcher.kt:127) ~[classes!/:na]
	at java.base/jdk.internal.reflect.NativeMethodAccessorImpl.invoke0(Native Method) ~[na:na]
	at java.base/jdk.internal.reflect.NativeMethodAccessorImpl.invoke(NativeMethodAccessorImpl.java:64) ~[na:na]
	at java.base/jdk.internal.reflect.DelegatingMethodAccessorImpl.invoke(DelegatingMethodAccessorImpl.java:43) ~[na:na]
	at java.base/java.lang.reflect.Method.invoke(Method.java:564) ~[na:na]
	at org.springframework.boot.loader.MainMethodRunner.run(MainMethodRunner.java:48) ~[Lavalink.jar:na]
	at org.springframework.boot.loader.Launcher.launch(Launcher.java:87) ~[Lavalink.jar:na]
	at org.springframework.boot.loader.Launcher.launch(Launcher.java:51) ~[Lavalink.jar:na]
	at org.springframework.boot.loader.JarLauncher.main(JarLauncher.java:52) ~[Lavalink.jar:na]

2021-03-09 01:17:19.540 ERROR 13884 --- [main] o.s.b.d.LoggingFailureAnalysisReporter   : 

***************************
APPLICATION FAILED TO START
***************************

Description:

Web server failed to start. Port 2333 was already in use.

Action:

Identify and stop the process that's listening on port 2333 or configure this application to listen on another port.

2021-03-09 01:17:19.549  INFO 13884 --- [main] o.s.s.concurrent.ThreadPoolTaskExecutor  : Shutting down ExecutorService 'applicationTaskExecutor'
2021-03-09 01:17:19.552  INFO 13884 --- [main] c.s.d.l.tools.GarbageCollectionMonitor   : GC monitoring disabled.
2021-03-09 01:18:39.561  INFO 1824 --- [main] lavalink.server.Launcher                 : 

[32m       .  [31m _                  _ _       _    [32m__ _ _
[32m      /\\ [31m| | __ ___   ____ _| (_)_ __ | | __[32m\ \ \ \
[32m     ( ( )[31m| |/ _` \ \ / / _` | | | '_ \| |/ /[32m \ \ \ \
[32m      \\/ [31m| | (_| |\ V / (_| | | | | | |   < [32m  ) ) ) )
[32m       '  [31m|_|\__,_| \_/ \__,_|_|_|_| |_|_|\_\[32m / / / /
[0m    =========================================[32m/_/_/_/[0m

	Version:        3.3.2.3
	Build:          1176
	Build time:     28.12.2020 18:59:16 UTC
	Branch          master
	Commit:         68d398a
	Commit time:    28.12.2020 18:56:23 UTC
	JVM:            15.0.1
	Lavaplayer      1.3.65

2021-03-09 01:18:39.689  INFO 1824 --- [main] lavalink.server.Launcher                 : Starting Launcher on Mimi with PID 1824 (D:\Github\kurusaki_voice\server\Lavalink.jar started by Kowaii Neko in D:\Github\kurusaki_voice\server)
2021-03-09 01:18:39.690  INFO 1824 --- [main] lavalink.server.Launcher                 : No active profile set, falling back to default profiles: default
2021-03-09 01:18:39.877  WARN 1824 --- [background-preinit] o.s.h.c.j.Jackson2ObjectMapperBuilder    : For Jackson Kotlin classes support please add "com.fasterxml.jackson.module:jackson-module-kotlin" to the classpath
2021-03-09 01:18:41.563  WARN 1824 --- [main] io.undertow.websockets.jsr               : UT026010: Buffer pool was not set on WebSocketDeploymentInfo, the default pool will be used
2021-03-09 01:18:41.595  INFO 1824 --- [main] io.undertow.servlet                      : Initializing Spring embedded WebApplicationContext
2021-03-09 01:18:41.596  INFO 1824 --- [main] o.s.web.context.ContextLoader            : Root WebApplicationContext: initialization completed in 1844 ms
2021-03-09 01:18:42.149  WARN 1824 --- [main] l.server.config.SentryConfiguration      : Turning off sentry
2021-03-09 01:18:42.597  INFO 1824 --- [main] c.s.d.l.tools.GarbageCollectionMonitor   : GC monitoring enabled, reporting results every 2 minutes.
2021-03-09 01:18:46.843  INFO 1824 --- [main] lavalink.server.config.KoeConfiguration  : OS: Windows 10, Arch: amd64
2021-03-09 01:18:46.843  WARN 1824 --- [main] lavalink.server.config.KoeConfiguration  : This system and architecture appears to not support native audio sending! GC pauses may cause your bot to stutter during playback.
2021-03-09 01:18:47.188  INFO 1824 --- [main] o.s.s.concurrent.ThreadPoolTaskExecutor  : Initializing ExecutorService 'applicationTaskExecutor'
2021-03-09 01:18:47.724  INFO 1824 --- [main] org.xnio                                 : XNIO version 3.3.8.Final
2021-03-09 01:18:47.740  INFO 1824 --- [main] org.xnio.nio                             : XNIO NIO Implementation Version 3.3.8.Final
2021-03-09 01:18:47.820  INFO 1824 --- [main] o.s.b.w.e.u.UndertowServletWebServer     : Undertow started on port(s) 2333 (http) with context path ''
2021-03-09 01:18:47.826  INFO 1824 --- [main] lavalink.server.Launcher                 : Started Launcher in 8.956 seconds (JVM running for 9.605)
2021-03-09 01:18:47.828  INFO 1824 --- [main] lavalink.server.Launcher                 : You can safely ignore the big red warning about illegal reflection. See https://github.com/Frederikam/Lavalink/issues/295
2021-03-09 01:20:34.740  INFO 1824 --- [XNIO-1 task-1] io.undertow.servlet                      : Initializing Spring DispatcherServlet 'dispatcherServlet'
2021-03-09 01:20:34.740  INFO 1824 --- [XNIO-1 task-1] o.s.web.servlet.DispatcherServlet        : Initializing Servlet 'dispatcherServlet'
2021-03-09 01:20:34.748  INFO 1824 --- [XNIO-1 task-1] o.s.web.servlet.DispatcherServlet        : Completed initialization in 7 ms
2021-03-09 01:20:34.805  INFO 1824 --- [XNIO-1 task-1] l.server.io.HandshakeInterceptorImpl     : Incoming connection from /[0:0:0:0:0:0:0:1]:51411
2021-03-09 01:20:34.922  INFO 1824 --- [XNIO-1 task-1] lavalink.server.io.SocketServer          : Connection successfully established from /[0:0:0:0:0:0:0:1]:51411
2021-03-09 01:20:35.101  INFO 1824 --- [XNIO-1 I/O-3] lavalink.server.io.SocketServer          : {"op": "configureResuming", "key": "default-node", "timeout": 60}
2021-03-09 01:20:38.114  INFO 1824 --- [XNIO-1 task-2] l.server.player.AudioLoaderRestHandler   : Got request to load for identifier "ytsearch:up all night getting lp league of legends"
2021-03-09 01:20:38.151  INFO 1824 --- [XNIO-1 I/O-3] lavalink.server.io.SocketServer          : {"op": "voiceUpdate", "guildId": "295717368129257472", "sessionId": "9d044430134397187fbaf7fb94d30393", "event": {"token": "59751c0a6e4e9500", "guild_id": "295717368129257472", "endpoint": "us-central9569.discord.media:443"}}
2021-03-09 01:20:40.158  INFO 1824 --- [lava-daemon-pool-info-loader-2-thread-1] lavalink.server.player.AudioLoader       : Loaded playlist Search results for: up all night getting lp league of legends
2021-03-09 01:20:40.451  INFO 1824 --- [XNIO-1 I/O-3] lavalink.server.io.SocketServer          : {"op": "play", "guildId": "295717368129257472", "track": "QAAAqAIARkluc3RhbG9rIC0gR2V0IExQIChEYWZ0IFB1bmsgLSBHZXQgTHVja3kgZnQuIFBoYXJyZWxsIFdpbGxpYW1zIFBBUk9EWSkACEluc3RhbG9rAAAAAAACQiAAC3FRR3VvU3ppdGJzAAEAK2h0dHBzOi8vd3d3LnlvdXR1YmUuY29tL3dhdGNoP3Y9cVFHdW9Teml0YnMAB3lvdXR1YmUAAAAAAAAAAA==", "startTime": 0, "endTime": 0, "noReplace": false}
2021-03-09 01:21:21.023  INFO 1824 --- [XNIO-1 I/O-3] lavalink.server.io.SocketServer          : {"op": "stop", "guildId": "295717368129257472"}
2021-03-09 01:21:40.114  INFO 1824 --- [XNIO-1 task-4] l.server.player.AudioLoaderRestHandler   : Got request to load for identifier "ytsearch:bot lane fast lane league of legends"
2021-03-09 01:21:40.201  INFO 1824 --- [XNIO-1 I/O-3] lavalink.server.io.SocketServer          : {"op": "voiceUpdate", "guildId": "295717368129257472", "sessionId": "9d044430134397187fbaf7fb94d30393", "event": {"token": "d6461d7156b41cc5", "guild_id": "295717368129257472", "endpoint": "us-central9569.discord.media:443"}}
2021-03-09 01:21:40.591  INFO 1824 --- [lava-daemon-pool-info-loader-2-thread-1] lavalink.server.player.AudioLoader       : Loaded playlist Search results for: bot lane fast lane league of legends
2021-03-09 01:21:40.880  INFO 1824 --- [XNIO-1 I/O-3] lavalink.server.io.SocketServer          : {"op": "play", "guildId": "295717368129257472", "track": "QAAAmgIAM+OAjkJvdCBMYW5l44CPICJGYXN0IExhbmUiIExlYWd1ZSBvZiBMZWdlbmRzIFBhcm9keQANU2FuZHkgUG9wdXNoaQAAAAAABGzQAAt5VHVXR3hqTkJ1QQABACtodHRwczovL3d3dy55b3V0dWJlLmNvbS93YXRjaD92PXlUdVdHeGpOQnVBAAd5b3V0dWJlAAAAAAAAAAA=", "startTime": 0, "endTime": 0, "noReplace": false}
2021-03-09 01:22:42.404  INFO 1824 --- [XNIO-1 task-6] l.server.player.AudioLoaderRestHandler   : Got request to load for identifier "ytsearch:using my active league of legends"
2021-03-09 01:22:42.925  INFO 1824 --- [lava-daemon-pool-info-loader-2-thread-1] lavalink.server.player.AudioLoader       : Loaded playlist Search results for: using my active league of legends
2021-03-09 01:22:47.752  INFO 1824 --- [XNIO-1 I/O-3] lavalink.server.io.SocketServer          : {"op": "play", "guildId": "295717368129257472", "track": "QAAAowIAQUluc3RhbG9rIC0gVXNpbmcgTXkgQWN0aXZlIChJbWFnaW5lIERyYWdvbnMgLSBSYWRpb2FjdGl2ZSBQQVJPRFkpAAhJbnN0YWxvawAAAAAAAoxYAAtINjNnWjNBTWpaTQABACtodHRwczovL3d3dy55b3V0dWJlLmNvbS93YXRjaD92PUg2M2daM0FNalpNAAd5b3V0dWJlAAAAAAAAAAA=", "startTime": 0, "endTime": 0, "noReplace": false}
2021-03-09 01:23:10.539  INFO 1824 --- [XNIO-1 task-8] l.server.player.AudioLoaderRestHandler   : Got request to load for identifier "ytsearch:oh camper oh camper"
2021-03-09 01:23:10.977  INFO 1824 --- [lava-daemon-pool-info-loader-2-thread-1] lavalink.server.player.AudioLoader       : Loaded playlist Search results for: oh camper oh camper
2021-03-09 01:23:12.693  INFO 1824 --- [XNIO-1 I/O-3] lavalink.server.io.SocketServer          : {"op": "play", "guildId": "295717368129257472", "track": "QAAAkAIAI09oIENhbXBlciAtIENhbXBlciBTb25nIFdpdGggTHlyaWNzABNPZmZpY2FsQWRpdHlhVmlkZW9zAAAAAAADPCAAC2lubkp4UU1fLUNFAAEAK2h0dHBzOi8vd3d3LnlvdXR1YmUuY29tL3dhdGNoP3Y9aW5uSnhRTV8tQ0UAB3lvdXR1YmUAAAAAAAAAAA==", "startTime": 0, "endTime": 0, "noReplace": false}
2021-03-09 01:23:51.917  INFO 1824 --- [XNIO-1 I/O-3] lavalink.server.io.SocketServer          : {"op": "stop", "guildId": "295717368129257472"}
2021-03-09 01:25:42.982  INFO 1824 --- [XNIO-1 I/O-3] lavalink.server.io.SocketServer          : Connection closed from /[0:0:0:0:0:0:0:1]:51411 with status CloseStatus[code=1006, reason=] -- Session can be resumed within the next 60 seconds with key default-node
2021-03-09 01:26:42.987  INFO 1824 --- [pool-1-thread-1] lavalink.server.io.SocketContext         : Shutting down 0 playing players.
2021-03-09 01:31:08.151  INFO 1824 --- [Thread-1] o.s.s.concurrent.ThreadPoolTaskExecutor  : Shutting down ExecutorService 'applicationTaskExecutor'
2021-03-09 01:31:08.153  INFO 1824 --- [Thread-1] c.s.d.l.tools.GarbageCollectionMonitor   : GC monitoring disabled.
2021-03-09 01:31:08.159  INFO 1824 --- [Thread-1] io.undertow.servlet                      : Destroying Spring FrameworkServlet 'dispatcherServlet'
